2020-01-22 19:55:10,474: INFO: Time from start: 0.13
Haar Left: 0.08
Haar Right: 0.02
2020-01-22 19:55:10,475: INFO: Time since start: 0.13
Balls detected (both algorithms): Detection not similar
Number of balls Detected by haar: 0
2020-01-22 19:55:20,550: INFO: Time from start: 10.76
Haar Left: 0.06
Haar Right: 0.06
2020-01-22 19:55:20,551: INFO: Time since start: 10.76
Balls detected (both algorithms): Detection not similar
Number of balls Detected by haar: 0
2020-01-22 19:55:30,580: INFO: Time from start: 20.77
Haar Left: 0.06
Haar Right: 0.06
2020-01-22 19:55:30,581: INFO: Time since start: 20.77
Balls detected (both algorithms): Detection not similar
Number of balls Detected by haar: 0
2020-01-22 19:55:40,689: INFO: Time from start: 30.90
Haar Left: 0.08
Haar Right: 0.07
2020-01-22 19:55:40,689: INFO: Time since start: 30.90
Balls detected (both algorithms): Detection not similar
Number of balls Detected by haar: 1
2020-01-22 19:55:50,824: INFO: Time from start: 41.05
Haar Left: 0.07
Haar Right: 0.06
2020-01-22 19:55:50,825: INFO: Time since start: 41.05
Balls detected (both algorithms): Detection not similar
Number of balls Detected by haar: Not Equal
2020-01-22 19:56:00,989: INFO: Time from start: 51.20
Haar Left: 0.06
Haar Right: 0.06
2020-01-22 19:56:00,990: INFO: Time since start: 51.20
Balls detected (both algorithms): Detection not similar
Number of balls Detected by haar: Not Equal
2020-01-22 19:56:11,105: INFO: Time from start: 61.33
Haar Left: 0.06
Haar Right: 0.06
2020-01-22 19:56:11,106: INFO: Time since start: 61.33
Balls detected (both algorithms): Detection not similar
Number of balls Detected by haar: 3
2020-01-22 19:56:21,148: INFO: Time from start: 71.37
Haar Left: 0.07
Haar Right: 0.06
2020-01-22 19:56:21,148: INFO: Time since start: 71.37
Balls detected (both algorithms): Detection not similar
Number of balls Detected by haar: 3
2020-01-22 19:56:31,167: INFO: Time from start: 81.38
Haar Left: 0.06
Haar Right: 0.06
2020-01-22 19:56:31,168: INFO: Time since start: 81.38
Balls detected (both algorithms): Detection not similar
Number of balls Detected by haar: 3
