2020-01-22 19:55:10,468: INFO: Time from start: 0.13
Total loop time: 0.00
Haar Left: 0.08
Haar Right: 0.02
TensorFlow Left: 0.00
TensorFlow Right: 0.00
2020-01-22 19:55:10,471: INFO: The fastest detection was done by TensorFlow Inference graph
2020-01-22 19:55:10,472: INFO: Time since start: 0.13
Balls detected (both algorithms): Detection not similar
Number of balls Detected by haar: 0
Number of balls Detected by TensorFlow: 2 
2020-01-22 19:55:20,545: INFO: Time from start: 10.76
Total loop time: 0.18
Haar Left: 0.06
Haar Right: 0.06
TensorFlow Left: 0.00
TensorFlow Right: 0.00
2020-01-22 19:55:20,547: INFO: The fastest detection was done by TensorFlow Inference graph
2020-01-22 19:55:20,548: INFO: Time since start: 10.76
Balls detected (both algorithms): Detection not similar
Number of balls Detected by haar: 0
Number of balls Detected by TensorFlow: 2 
2020-01-22 19:55:30,577: INFO: Time from start: 20.77
Total loop time: 0.19
Haar Left: 0.06
Haar Right: 0.06
TensorFlow Left: 0.00
TensorFlow Right: 0.00
2020-01-22 19:55:30,579: INFO: The fastest detection was done by TensorFlow Inference graph
2020-01-22 19:55:30,580: INFO: Time since start: 20.77
Balls detected (both algorithms): Detection not similar
Number of balls Detected by haar: 0
Number of balls Detected by TensorFlow: 2 
2020-01-22 19:55:40,686: INFO: Time from start: 30.90
Total loop time: 0.20
Haar Left: 0.08
Haar Right: 0.07
TensorFlow Left: 0.00
TensorFlow Right: 0.00
2020-01-22 19:55:40,687: INFO: The fastest detection was done by TensorFlow Inference graph
2020-01-22 19:55:40,688: INFO: Time since start: 30.90
Balls detected (both algorithms): Detection not similar
Number of balls Detected by haar: 1
Number of balls Detected by TensorFlow: 2 
2020-01-22 19:55:50,822: INFO: Time from start: 41.05
Total loop time: 0.19
Haar Left: 0.07
Haar Right: 0.06
TensorFlow Left: 0.00
TensorFlow Right: 0.00
2020-01-22 19:55:50,823: INFO: The fastest detection was done by TensorFlow Inference graph
2020-01-22 19:55:50,824: INFO: Time since start: 41.05
Balls detected (both algorithms): Detection not similar
Number of balls Detected by haar: Not Equal
Number of balls Detected by TensorFlow: 2 
2020-01-22 19:56:00,988: INFO: Time from start: 51.20
Total loop time: 0.19
Haar Left: 0.06
Haar Right: 0.06
TensorFlow Left: 0.00
TensorFlow Right: 0.00
2020-01-22 19:56:00,988: INFO: The fastest detection was done by TensorFlow Inference graph
2020-01-22 19:56:00,989: INFO: Time since start: 51.20
Balls detected (both algorithms): Detection not similar
Number of balls Detected by haar: Not Equal
Number of balls Detected by TensorFlow: 2 
2020-01-22 19:56:11,104: INFO: Time from start: 61.33
Total loop time: 0.20
Haar Left: 0.06
Haar Right: 0.06
TensorFlow Left: 0.00
TensorFlow Right: 0.00
2020-01-22 19:56:11,104: INFO: The fastest detection was done by TensorFlow Inference graph
2020-01-22 19:56:11,105: INFO: Time since start: 61.33
Balls detected (both algorithms): Detection not similar
Number of balls Detected by haar: 3
Number of balls Detected by TensorFlow: 2 
2020-01-22 19:56:21,146: INFO: Time from start: 71.37
Total loop time: 0.20
Haar Left: 0.07
Haar Right: 0.06
TensorFlow Left: 0.00
TensorFlow Right: 0.00
2020-01-22 19:56:21,147: INFO: The fastest detection was done by TensorFlow Inference graph
2020-01-22 19:56:21,147: INFO: Time since start: 71.37
Balls detected (both algorithms): Detection not similar
Number of balls Detected by haar: 3
Number of balls Detected by TensorFlow: 2 
2020-01-22 19:56:31,165: INFO: Time from start: 81.38
Total loop time: 0.19
Haar Left: 0.06
Haar Right: 0.06
TensorFlow Left: 0.00
TensorFlow Right: 0.00
2020-01-22 19:56:31,166: INFO: The fastest detection was done by TensorFlow Inference graph
2020-01-22 19:56:31,166: INFO: Time since start: 81.38
Balls detected (both algorithms): Detection not similar
Number of balls Detected by haar: 3
Number of balls Detected by TensorFlow: 2 
