2020-01-22 19:55:10,477: INFO: Time from start: 0.13
TensorFlow Left: 0.00
TensorFlow Right: 0.00
2020-01-22 19:55:10,478: INFO: Time since start: 0.13
Balls detected (both algorithms): Detection not similar
Number of balls Detected by TensorFlow: 2 
2020-01-22 19:55:20,552: INFO: Time from start: 10.76
TensorFlow Left: 0.00
TensorFlow Right: 0.00
2020-01-22 19:55:20,553: INFO: Time since start: 10.76
Balls detected (both algorithms): Detection not similar
Number of balls Detected by TensorFlow: 2 
2020-01-22 19:55:30,582: INFO: Time from start: 20.77
TensorFlow Left: 0.00
TensorFlow Right: 0.00
2020-01-22 19:55:30,583: INFO: Time since start: 20.77
Balls detected (both algorithms): Detection not similar
Number of balls Detected by TensorFlow: 2 
2020-01-22 19:55:40,690: INFO: Time from start: 30.90
TensorFlow Left: 0.00
TensorFlow Right: 0.00
2020-01-22 19:55:40,690: INFO: Time since start: 30.90
Balls detected (both algorithms): Detection not similar
Number of balls Detected by TensorFlow: 2 
2020-01-22 19:55:50,825: INFO: Time from start: 41.05
TensorFlow Left: 0.00
TensorFlow Right: 0.00
2020-01-22 19:55:50,826: INFO: Time since start: 41.05
Balls detected (both algorithms): Detection not similar
Number of balls Detected by TensorFlow: 2 
2020-01-22 19:56:00,990: INFO: Time from start: 51.20
TensorFlow Left: 0.00
TensorFlow Right: 0.00
2020-01-22 19:56:00,991: INFO: Time since start: 51.20
Balls detected (both algorithms): Detection not similar
Number of balls Detected by TensorFlow: 2 
2020-01-22 19:56:11,106: INFO: Time from start: 61.33
TensorFlow Left: 0.00
TensorFlow Right: 0.00
2020-01-22 19:56:11,107: INFO: Time since start: 61.33
Balls detected (both algorithms): Detection not similar
Number of balls Detected by TensorFlow: 2 
2020-01-22 19:56:21,148: INFO: Time from start: 71.37
TensorFlow Left: 0.00
TensorFlow Right: 0.00
2020-01-22 19:56:21,149: INFO: Time since start: 71.37
Balls detected (both algorithms): Detection not similar
Number of balls Detected by TensorFlow: 2 
2020-01-22 19:56:31,168: INFO: Time from start: 81.38
TensorFlow Left: 0.00
TensorFlow Right: 0.00
2020-01-22 19:56:31,169: INFO: Time since start: 81.38
Balls detected (both algorithms): Detection not similar
Number of balls Detected by TensorFlow: 2 
